<!DOCTYPE html PUBLIC "-//W3C//DTD XHTML 1.1//EN" "http://www.w3.org/TR/xhtml11/DTD/xhtml11.dtd">
<html xmlns="http://www.w3.org/1999/xhtml"><head><title>TestNG Report</title><style type="text/css">table {margin-bottom:10px;border-collapse:collapse;empty-cells:show}th,td {border:1px solid #009;padding:.25em .5em}th {vertical-align:bottom}td {vertical-align:top}table a {font-weight:bold}.stripe td {background-color: #E6EBF9}.num {text-align:right}.passedodd td {background-color: #3F3}.passedeven td {background-color: #0A0}.skippedodd td {background-color: #DDD}.skippedeven td {background-color: #CCC}.failedodd td,.attn {background-color: #F33}.failedeven td,.stripe .attn {background-color: #D00}.stacktrace {white-space:pre;font-family:monospace}.totop {font-size:85%;text-align:center;border-bottom:2px solid #000}</style></head><body><table><tr><th>Test</th><th># Passed</th><th># Skipped</th><th># Failed</th><th>Time (ms)</th><th>Included Groups</th><th>Excluded Groups</th></tr><tr><th colspan="7">Suite</th></tr><tr><td><a href="#t0">FirefoxTest</a></td><td class="num">1</td><td class="num">0</td><td class="num">0</td><td class="num">19,546</td><td></td><td></td></tr><tr class="stripe"><td><a href="#t1">ChromeTest</a></td><td class="num">1</td><td class="num">0</td><td class="num">0</td><td class="num">10,681</td><td></td><td></td></tr><tr><td><a href="#t2">OperaTest</a></td><td class="num">0</td><td class="num attn">1</td><td class="num">0</td><td class="num">24</td><td></td><td></td></tr><tr class="stripe"><td><a href="#t3">IETest</a></td><td class="num">0</td><td class="num attn">1</td><td class="num">0</td><td class="num">1,209</td><td></td><td></td></tr><tr><th>Total</th><th class="num">2</th><th class="num attn">2</th><th class="num">0</th><th class="num">31,460</th><th colspan="2"></th></tr></table><table><thead><tr><th>Class</th><th>Method</th><th>Start</th><th>Time (ms)</th></tr></thead><tbody><tr><th colspan="4">Suite</th></tr></tbody><tbody id="t0"><tr><th colspan="4">FirefoxTest &#8212; passed</th></tr><tr class="passedeven"><td rowspan="1">crossBrowsweTesting.CrsBrsTest</td><td><a href="#m0">VerifyTitle</a></td><td rowspan="1">1473026737021</td><td rowspan="1">24</td></tr></tbody><tbody id="t1"><tr><th colspan="4">ChromeTest &#8212; passed</th></tr><tr class="passedeven"><td rowspan="1">crossBrowsweTesting.CrsBrsTest</td><td><a href="#m1">VerifyTitle</a></td><td rowspan="1">1473026748813</td><td rowspan="1">64</td></tr></tbody><tbody id="t2"><tr><th colspan="4">OperaTest &#8212; failed (configuration methods)</th></tr><tr class="failedeven"><td rowspan="1">crossBrowsweTesting.CrsBrsTest</td><td><a href="#m2">openBrowswer</a></td><td rowspan="1">1473026750465</td><td rowspan="1">0</td></tr><tr><th colspan="4">OperaTest &#8212; skipped (configuration methods)</th></tr><tr class="skippedeven"><td rowspan="1">crossBrowsweTesting.CrsBrsTest</td><td><a href="#m3">closeBrowser</a></td><td rowspan="1">1473026750486</td><td rowspan="1">0</td></tr><tr><th colspan="4">OperaTest &#8212; skipped</th></tr><tr class="skippedeven"><td rowspan="1">crossBrowsweTesting.CrsBrsTest</td><td><a href="#m4">VerifyTitle</a></td><td rowspan="1">1473026750484</td><td rowspan="1">1</td></tr></tbody><tbody id="t3"><tr><th colspan="4">IETest &#8212; failed (configuration methods)</th></tr><tr class="failedeven"><td rowspan="1">crossBrowsweTesting.CrsBrsTest</td><td><a href="#m5">openBrowswer</a></td><td rowspan="1">1473026750504</td><td rowspan="1">0</td></tr><tr><th colspan="4">IETest &#8212; skipped (configuration methods)</th></tr><tr class="skippedeven"><td rowspan="1">crossBrowsweTesting.CrsBrsTest</td><td><a href="#m6">closeBrowser</a></td><td rowspan="1">1473026751708</td><td rowspan="1">0</td></tr><tr><th colspan="4">IETest &#8212; skipped</th></tr><tr class="skippedeven"><td rowspan="1">crossBrowsweTesting.CrsBrsTest</td><td><a href="#m7">VerifyTitle</a></td><td rowspan="1">1473026751703</td><td rowspan="1">3</td></tr></tbody></table><h2>FirefoxTest</h2><h3 id="m0">crossBrowsweTesting.CrsBrsTest#VerifyTitle</h3><table class="result"></table><p class="totop"><a href="#summary">back to summary</a></p><h2>ChromeTest</h2><h3 id="m1">crossBrowsweTesting.CrsBrsTest#VerifyTitle</h3><table class="result"></table><p class="totop"><a href="#summary">back to summary</a></p><h2>OperaTest</h2><h3 id="m2">crossBrowsweTesting.CrsBrsTest#openBrowswer</h3><table class="result"><tr class="param"><th>Parameter #1</th></tr><tr class="param stripe"><td>Opera</td></tr><tr><th>Exception</th></tr><tr><td><div class="stacktrace">java.lang.IllegalStateException: The path to the driver executable must be set by the webdriver.opera.driver system property; for more information, see https://github.com/operasoftware/operachromiumdriver. The latest version can be downloaded from https://github.com/operasoftware/operachromiumdriver/releases
	at com.google.common.base.Preconditions.checkState(Preconditions.java:199)
	at org.openqa.selenium.remote.service.DriverService.findExecutable(DriverService.java:109)
	at org.openqa.selenium.opera.OperaDriverService.access$0(OperaDriverService.java:1)
	at org.openqa.selenium.opera.OperaDriverService$Builder.findDefaultExecutable(OperaDriverService.java:118)
	at org.openqa.selenium.remote.service.DriverService$Builder.build(DriverService.java:296)
	at org.openqa.selenium.opera.OperaDriverService.createDefaultService(OperaDriverService.java:82)
	at org.openqa.selenium.opera.OperaDriver.&lt;init&gt;(OperaDriver.java:115)
	at crossBrowsweTesting.CrsBrsTest.openBrowswer(CrsBrsTest.java:44)
... Removed 22 stack frames</div></td></tr></table><p class="totop"><a href="#summary">back to summary</a></p><h3 id="m3">crossBrowsweTesting.CrsBrsTest#closeBrowser</h3><table class="result"></table><p class="totop"><a href="#summary">back to summary</a></p><h3 id="m4">crossBrowsweTesting.CrsBrsTest#VerifyTitle</h3><table class="result"></table><p class="totop"><a href="#summary">back to summary</a></p><h2>IETest</h2><h3 id="m5">crossBrowsweTesting.CrsBrsTest#openBrowswer</h3><table class="result"><tr class="param"><th>Parameter #1</th></tr><tr class="param stripe"><td>IE</td></tr><tr><th>Exception</th></tr><tr><td><div class="stacktrace">org.openqa.selenium.remote.SessionNotFoundException: Unexpected error launching Internet Explorer. Protected Mode settings are not the same for all zones. Enable Protected Mode must be set to the same value (enabled or disabled) for all zones. (WARNING: The server did not provide any stacktrace information)
Command duration or timeout: 1.10 seconds
Build info: version: &apos;2.53.1&apos;, revision: &apos;a36b8b1&apos;, time: &apos;2016-06-30 17:32:46&apos;
System info: host: &apos;user-PC&apos;, ip: &apos;192.168.1.6&apos;, os.name: &apos;Windows 7&apos;, os.arch: &apos;x86&apos;, os.version: &apos;6.1&apos;, java.version: &apos;1.8.0_101&apos;
Driver info: org.openqa.selenium.ie.InternetExplorerDriver
	at org.openqa.selenium.remote.ErrorHandler.createThrowable(ErrorHandler.java:206)
	at org.openqa.selenium.remote.ErrorHandler.throwIfResponseFailed(ErrorHandler.java:158)
	at org.openqa.selenium.remote.RemoteWebDriver.execute(RemoteWebDriver.java:678)
	at org.openqa.selenium.remote.RemoteWebDriver.startSession(RemoteWebDriver.java:249)
	at org.openqa.selenium.remote.RemoteWebDriver.startSession(RemoteWebDriver.java:234)
	at org.openqa.selenium.ie.InternetExplorerDriver.run(InternetExplorerDriver.java:182)
	at org.openqa.selenium.ie.InternetExplorerDriver.&lt;init&gt;(InternetExplorerDriver.java:174)
	at org.openqa.selenium.ie.InternetExplorerDriver.&lt;init&gt;(InternetExplorerDriver.java:146)
	at crossBrowsweTesting.CrsBrsTest.openBrowswer(CrsBrsTest.java:37)
... Removed 26 stack frames</div></td></tr></table><p class="totop"><a href="#summary">back to summary</a></p><h3 id="m6">crossBrowsweTesting.CrsBrsTest#closeBrowser</h3><table class="result"></table><p class="totop"><a href="#summary">back to summary</a></p><h3 id="m7">crossBrowsweTesting.CrsBrsTest#VerifyTitle</h3><table class="result"></table><p class="totop"><a href="#summary">back to summary</a></p></body></html>