<?xml version="1.0" encoding="UTF-8"?>
<testng-results skipped="2" failed="0" total="4" passed="2">
  <reporter-output>
  </reporter-output>
  <suite name="Suite" duration-ms="31844" started-at="2016-09-04T22:05:19Z" finished-at="2016-09-04T22:05:51Z">
    <groups>
    </groups>
    <test name="FirefoxTest" duration-ms="19546" started-at="2016-09-04T22:05:19Z" finished-at="2016-09-04T22:05:39Z">
      <class name="crossBrowsweTesting.CrsBrsTest">
        <test-method status="PASS" signature="openBrowswer(java.lang.String)[pri:0, instance:crossBrowsweTesting.CrsBrsTest@17e2f02]" name="openBrowswer" is-config="true" duration-ms="17132" started-at="2016-09-04T18:05:19Z" finished-at="2016-09-04T18:05:37Z">
          <params>
            <param index="0">
              <value>
                <![CDATA[Firefox]]>
              </value>
            </param>
          </params>
          <reporter-output>
          </reporter-output>
        </test-method> <!-- openBrowswer -->
        <test-method status="PASS" signature="VerifyTitle()[pri:0, instance:crossBrowsweTesting.CrsBrsTest@17e2f02]" name="VerifyTitle" duration-ms="24" started-at="2016-09-04T18:05:37Z" finished-at="2016-09-04T18:05:37Z">
          <reporter-output>
          </reporter-output>
        </test-method> <!-- VerifyTitle -->
        <test-method status="PASS" signature="closeBrowser()[pri:0, instance:crossBrowsweTesting.CrsBrsTest@17e2f02]" name="closeBrowser" is-config="true" duration-ms="2365" started-at="2016-09-04T18:05:37Z" finished-at="2016-09-04T18:05:39Z">
          <reporter-output>
          </reporter-output>
        </test-method> <!-- closeBrowser -->
      </class> <!-- crossBrowsweTesting.CrsBrsTest -->
    </test> <!-- FirefoxTest -->
    <test name="ChromeTest" duration-ms="10681" started-at="2016-09-04T22:05:39Z" finished-at="2016-09-04T22:05:50Z">
      <class name="crossBrowsweTesting.CrsBrsTest">
        <test-method status="PASS" signature="openBrowswer(java.lang.String)[pri:0, instance:crossBrowsweTesting.CrsBrsTest@1275dab]" name="openBrowswer" is-config="true" duration-ms="9038" started-at="2016-09-04T18:05:39Z" finished-at="2016-09-04T18:05:48Z">
          <params>
            <param index="0">
              <value>
                <![CDATA[Chrome]]>
              </value>
            </param>
          </params>
          <reporter-output>
          </reporter-output>
        </test-method> <!-- openBrowswer -->
        <test-method status="PASS" signature="VerifyTitle()[pri:0, instance:crossBrowsweTesting.CrsBrsTest@1275dab]" name="VerifyTitle" duration-ms="64" started-at="2016-09-04T18:05:48Z" finished-at="2016-09-04T18:05:48Z">
          <reporter-output>
          </reporter-output>
        </test-method> <!-- VerifyTitle -->
        <test-method status="PASS" signature="closeBrowser()[pri:0, instance:crossBrowsweTesting.CrsBrsTest@1275dab]" name="closeBrowser" is-config="true" duration-ms="1567" started-at="2016-09-04T18:05:48Z" finished-at="2016-09-04T18:05:50Z">
          <reporter-output>
          </reporter-output>
        </test-method> <!-- closeBrowser -->
      </class> <!-- crossBrowsweTesting.CrsBrsTest -->
    </test> <!-- ChromeTest -->
    <test name="OperaTest" duration-ms="24" started-at="2016-09-04T22:05:50Z" finished-at="2016-09-04T22:05:50Z">
      <class name="crossBrowsweTesting.CrsBrsTest">
        <test-method status="FAIL" signature="openBrowswer(java.lang.String)[pri:0, instance:crossBrowsweTesting.CrsBrsTest@c4039c]" name="openBrowswer" is-config="true" duration-ms="0" started-at="2016-09-04T18:05:50Z" finished-at="2016-09-04T18:05:50Z">
          <params>
            <param index="0">
              <value>
                <![CDATA[Opera]]>
              </value>
            </param>
          </params>
          <exception class="java.lang.IllegalStateException">
            <message>
              <![CDATA[The path to the driver executable must be set by the webdriver.opera.driver system property; for more information, see https://github.com/operasoftware/operachromiumdriver. The latest version can be downloaded from https://github.com/operasoftware/operachromiumdriver/releases]]>
            </message>
            <full-stacktrace>
              <![CDATA[java.lang.IllegalStateException: The path to the driver executable must be set by the webdriver.opera.driver system property; for more information, see https://github.com/operasoftware/operachromiumdriver. The latest version can be downloaded from https://github.com/operasoftware/operachromiumdriver/releases
	at com.google.common.base.Preconditions.checkState(Preconditions.java:199)
	at org.openqa.selenium.remote.service.DriverService.findExecutable(DriverService.java:109)
	at org.openqa.selenium.opera.OperaDriverService.access$0(OperaDriverService.java:1)
	at org.openqa.selenium.opera.OperaDriverService$Builder.findDefaultExecutable(OperaDriverService.java:118)
	at org.openqa.selenium.remote.service.DriverService$Builder.build(DriverService.java:296)
	at org.openqa.selenium.opera.OperaDriverService.createDefaultService(OperaDriverService.java:82)
	at org.openqa.selenium.opera.OperaDriver.<init>(OperaDriver.java:115)
	at crossBrowsweTesting.CrsBrsTest.openBrowswer(CrsBrsTest.java:44)
	at sun.reflect.NativeMethodAccessorImpl.invoke0(Native Method)
	at sun.reflect.NativeMethodAccessorImpl.invoke(Unknown Source)
	at sun.reflect.DelegatingMethodAccessorImpl.invoke(Unknown Source)
	at java.lang.reflect.Method.invoke(Unknown Source)
	at org.testng.internal.MethodInvocationHelper.invokeMethod(MethodInvocationHelper.java:85)
	at org.testng.internal.Invoker.invokeConfigurationMethod(Invoker.java:510)
	at org.testng.internal.Invoker.invokeConfigurations(Invoker.java:211)
	at org.testng.internal.Invoker.invokeConfigurations(Invoker.java:138)
	at org.testng.TestRunner.beforeRun(TestRunner.java:648)
	at org.testng.TestRunner.run(TestRunner.java:616)
	at org.testng.SuiteRunner.runTest(SuiteRunner.java:359)
	at org.testng.SuiteRunner.runSequentially(SuiteRunner.java:354)
	at org.testng.SuiteRunner.privateRun(SuiteRunner.java:312)
	at org.testng.SuiteRunner.run(SuiteRunner.java:261)
	at org.testng.SuiteRunnerWorker.runSuite(SuiteRunnerWorker.java:52)
	at org.testng.SuiteRunnerWorker.run(SuiteRunnerWorker.java:86)
	at org.testng.TestNG.runSuitesSequentially(TestNG.java:1215)
	at org.testng.TestNG.runSuitesLocally(TestNG.java:1140)
	at org.testng.TestNG.run(TestNG.java:1048)
	at org.testng.remote.AbstractRemoteTestNG.run(AbstractRemoteTestNG.java:126)
	at org.testng.remote.RemoteTestNG.initAndRun(RemoteTestNG.java:152)
	at org.testng.remote.RemoteTestNG.main(RemoteTestNG.java:57)
]]>
            </full-stacktrace>
          </exception> <!-- java.lang.IllegalStateException -->
          <reporter-output>
          </reporter-output>
        </test-method> <!-- openBrowswer -->
        <test-method status="SKIP" signature="VerifyTitle()[pri:0, instance:crossBrowsweTesting.CrsBrsTest@c4039c]" name="VerifyTitle" duration-ms="1" started-at="2016-09-04T18:05:50Z" finished-at="2016-09-04T18:05:50Z">
          <reporter-output>
          </reporter-output>
        </test-method> <!-- VerifyTitle -->
        <test-method status="SKIP" signature="closeBrowser()[pri:0, instance:crossBrowsweTesting.CrsBrsTest@c4039c]" name="closeBrowser" is-config="true" duration-ms="0" started-at="2016-09-04T18:05:50Z" finished-at="2016-09-04T18:05:50Z">
          <reporter-output>
          </reporter-output>
        </test-method> <!-- closeBrowser -->
      </class> <!-- crossBrowsweTesting.CrsBrsTest -->
    </test> <!-- OperaTest -->
    <test name="IETest" duration-ms="1209" started-at="2016-09-04T22:05:50Z" finished-at="2016-09-04T22:05:51Z">
      <class name="crossBrowsweTesting.CrsBrsTest">
        <test-method status="FAIL" signature="openBrowswer(java.lang.String)[pri:0, instance:crossBrowsweTesting.CrsBrsTest@a3ffec]" name="openBrowswer" is-config="true" duration-ms="0" started-at="2016-09-04T18:05:50Z" finished-at="2016-09-04T18:05:50Z">
          <params>
            <param index="0">
              <value>
                <![CDATA[IE]]>
              </value>
            </param>
          </params>
          <exception class="org.openqa.selenium.remote.SessionNotFoundException">
            <message>
              <![CDATA[Unexpected error launching Internet Explorer. Protected Mode settings are not the same for all zones. Enable Protected Mode must be set to the same value (enabled or disabled) for all zones. (WARNING: The server did not provide any stacktrace information)
Command duration or timeout: 1.10 seconds
Build info: version: '2.53.1', revision: 'a36b8b1', time: '2016-06-30 17:32:46'
System info: host: 'user-PC', ip: '192.168.1.6', os.name: 'Windows 7', os.arch: 'x86', os.version: '6.1', java.version: '1.8.0_101'
Driver info: org.openqa.selenium.ie.InternetExplorerDriver]]>
            </message>
            <full-stacktrace>
              <![CDATA[org.openqa.selenium.remote.SessionNotFoundException: Unexpected error launching Internet Explorer. Protected Mode settings are not the same for all zones. Enable Protected Mode must be set to the same value (enabled or disabled) for all zones. (WARNING: The server did not provide any stacktrace information)
Command duration or timeout: 1.10 seconds
Build info: version: '2.53.1', revision: 'a36b8b1', time: '2016-06-30 17:32:46'
System info: host: 'user-PC', ip: '192.168.1.6', os.name: 'Windows 7', os.arch: 'x86', os.version: '6.1', java.version: '1.8.0_101'
Driver info: org.openqa.selenium.ie.InternetExplorerDriver
	at sun.reflect.NativeConstructorAccessorImpl.newInstance0(Native Method)
	at sun.reflect.NativeConstructorAccessorImpl.newInstance(Unknown Source)
	at sun.reflect.DelegatingConstructorAccessorImpl.newInstance(Unknown Source)
	at java.lang.reflect.Constructor.newInstance(Unknown Source)
	at org.openqa.selenium.remote.ErrorHandler.createThrowable(ErrorHandler.java:206)
	at org.openqa.selenium.remote.ErrorHandler.throwIfResponseFailed(ErrorHandler.java:158)
	at org.openqa.selenium.remote.RemoteWebDriver.execute(RemoteWebDriver.java:678)
	at org.openqa.selenium.remote.RemoteWebDriver.startSession(RemoteWebDriver.java:249)
	at org.openqa.selenium.remote.RemoteWebDriver.startSession(RemoteWebDriver.java:234)
	at org.openqa.selenium.ie.InternetExplorerDriver.run(InternetExplorerDriver.java:182)
	at org.openqa.selenium.ie.InternetExplorerDriver.<init>(InternetExplorerDriver.java:174)
	at org.openqa.selenium.ie.InternetExplorerDriver.<init>(InternetExplorerDriver.java:146)
	at crossBrowsweTesting.CrsBrsTest.openBrowswer(CrsBrsTest.java:37)
	at sun.reflect.NativeMethodAccessorImpl.invoke0(Native Method)
	at sun.reflect.NativeMethodAccessorImpl.invoke(Unknown Source)
	at sun.reflect.DelegatingMethodAccessorImpl.invoke(Unknown Source)
	at java.lang.reflect.Method.invoke(Unknown Source)
	at org.testng.internal.MethodInvocationHelper.invokeMethod(MethodInvocationHelper.java:85)
	at org.testng.internal.Invoker.invokeConfigurationMethod(Invoker.java:510)
	at org.testng.internal.Invoker.invokeConfigurations(Invoker.java:211)
	at org.testng.internal.Invoker.invokeConfigurations(Invoker.java:138)
	at org.testng.TestRunner.beforeRun(TestRunner.java:648)
	at org.testng.TestRunner.run(TestRunner.java:616)
	at org.testng.SuiteRunner.runTest(SuiteRunner.java:359)
	at org.testng.SuiteRunner.runSequentially(SuiteRunner.java:354)
	at org.testng.SuiteRunner.privateRun(SuiteRunner.java:312)
	at org.testng.SuiteRunner.run(SuiteRunner.java:261)
	at org.testng.SuiteRunnerWorker.runSuite(SuiteRunnerWorker.java:52)
	at org.testng.SuiteRunnerWorker.run(SuiteRunnerWorker.java:86)
	at org.testng.TestNG.runSuitesSequentially(TestNG.java:1215)
	at org.testng.TestNG.runSuitesLocally(TestNG.java:1140)
	at org.testng.TestNG.run(TestNG.java:1048)
	at org.testng.remote.AbstractRemoteTestNG.run(AbstractRemoteTestNG.java:126)
	at org.testng.remote.RemoteTestNG.initAndRun(RemoteTestNG.java:152)
	at org.testng.remote.RemoteTestNG.main(RemoteTestNG.java:57)
]]>
            </full-stacktrace>
          </exception> <!-- org.openqa.selenium.remote.SessionNotFoundException -->
          <reporter-output>
          </reporter-output>
        </test-method> <!-- openBrowswer -->
        <test-method status="SKIP" signature="VerifyTitle()[pri:0, instance:crossBrowsweTesting.CrsBrsTest@a3ffec]" name="VerifyTitle" duration-ms="3" started-at="2016-09-04T18:05:51Z" finished-at="2016-09-04T18:05:51Z">
          <reporter-output>
          </reporter-output>
        </test-method> <!-- VerifyTitle -->
        <test-method status="SKIP" signature="closeBrowser()[pri:0, instance:crossBrowsweTesting.CrsBrsTest@a3ffec]" name="closeBrowser" is-config="true" duration-ms="0" started-at="2016-09-04T18:05:51Z" finished-at="2016-09-04T18:05:51Z">
          <reporter-output>
          </reporter-output>
        </test-method> <!-- closeBrowser -->
      </class> <!-- crossBrowsweTesting.CrsBrsTest -->
    </test> <!-- IETest -->
  </suite> <!-- Suite -->
</testng-results>
