<?xml version="1.0" encoding="UTF-8"?>
<!-- Generated by org.testng.reporters.JUnitXMLReporter -->
<testsuite hostname="user-PC" name="OperaTest" tests="1" failures="0" timestamp="4 Sep 2016 22:05:50 GMT" time="0.024" errors="0">
  <testcase name="@BeforeTest openBrowswer" time="0.0" classname="crossBrowsweTesting.CrsBrsTest">
    <failure type="java.lang.IllegalStateException" message="The path to the driver executable must be set by the webdriver.opera.driver system property; for more information, see https://github.com/operasoftware/operachromiumdriver. The latest version can be downloaded from https://github.com/operasoftware/operachromiumdriver/releases">
      <![CDATA[java.lang.IllegalStateException: The path to the driver executable must be set by the webdriver.opera.driver system property; for more information, see https://github.com/operasoftware/operachromiumdriver. The latest version can be downloaded from https://github.com/operasoftware/operachromiumdriver/releases
	at com.google.common.base.Preconditions.checkState(Preconditions.java:199)
	at org.openqa.selenium.remote.service.DriverService.findExecutable(DriverService.java:109)
	at org.openqa.selenium.opera.OperaDriverService.access$0(OperaDriverService.java:1)
	at org.openqa.selenium.opera.OperaDriverService$Builder.findDefaultExecutable(OperaDriverService.java:118)
	at org.openqa.selenium.remote.service.DriverService$Builder.build(DriverService.java:296)
	at org.openqa.selenium.opera.OperaDriverService.createDefaultService(OperaDriverService.java:82)
	at org.openqa.selenium.opera.OperaDriver.<init>(OperaDriver.java:115)
	at crossBrowsweTesting.CrsBrsTest.openBrowswer(CrsBrsTest.java:44)
... Removed 22 stack frames]]>
    </failure>
  </testcase> <!-- @BeforeTest openBrowswer -->
  <testcase name="@AfterTest closeBrowser" time="0.0" classname="crossBrowsweTesting.CrsBrsTest">
    <skipped/>
  </testcase> <!-- @AfterTest closeBrowser -->
  <testcase name="VerifyTitle" time="0.001" classname="crossBrowsweTesting.CrsBrsTest">
    <skipped/>
  </testcase> <!-- VerifyTitle -->
</testsuite> <!-- OperaTest -->
